总记录条数:1,耗时:0.1463845秒
总记录条数:1,耗时:0.0020077秒
总记录条数:5,耗时:0.0020461秒
总记录条数:1,耗时:0.0020057秒
总记录条数:1,耗时:0.0020053秒
总记录条数:1,耗时:0.0020033秒
总记录条数:1,耗时:0.0020492秒
总记录条数:5,耗时:0.0020057秒
总记录条数:1,耗时:0.0020058秒
总记录条数:1,耗时:0.0030096秒
待更新云量满幅度瓦片记录数：1
正在计算云量满幅度瓦片：GF1_PMS2_2015090824_L1A0001028729_FFFF_7_1237_2528.c.png(1/1)
待更新云量满幅度瓦片记录数：0
启动云量满幅度计算进程：GF1_PMS2_2015090824_L1A0001028729_FFFF_7_1237_2528.c.png(1/1)
计算云量满幅度异常，继续：GF1_PMS2_2015090824_L1A0001028729_FFFF_7_1237_2528.c.png(1/1) 系统找不到指定的文件。 
待更新云量满幅度瓦片记录数：8
正在计算云量满幅度瓦片：GF1_MOC_2014000024_L2A00000000001561_FFFF_7_1310_2966.c.png(1/8)
E:\JiangHua\QRST_DI_20170407\QRST_DI_Lite\QRST_DI_SS_DBServer\bin\Data\QRST_DB_Tile\0\7\1310\2966\MOC\20140000\GF1_MOC_2014000024_L2A00000000001561_FFFF_7_1310_2966-1.c.tif找不到文件，无法计算，跳过
正在计算云量满幅度瓦片：GF1_MOC_2014000024_L2A00000000001495_FFFF_7_1310_2966.c.png(2/8)
E:\JiangHua\QRST_DI_20170407\QRST_DI_Lite\QRST_DI_SS_DBServer\bin\Data\QRST_DB_Tile\0\7\1310\2966\MOC\20140000\GF1_MOC_2014000024_L2A00000000001495_FFFF_7_1310_2966-1.c.tif找不到文件，无法计算，跳过
正在计算云量满幅度瓦片：CP3_GRC_2014000024_L2A201510201000031_FFFF_7_1310_2966.c.png(3/8)
启动云量满幅度计算进程：CP3_GRC_2014000024_L2A201510201000031_FFFF_7_1310_2966.c.png(3/8)
计算云量满幅度异常，继续：CP3_GRC_2014000024_L2A201510201000031_FFFF_7_1310_2966.c.png(3/8) 系统找不到指定的文件。 
正在计算云量满幅度瓦片：GF1_MOC_2014000024_L2A00000000001495_FFFF_7_1309_2967.c.png(4/8)
待更新云量满幅度瓦片记录数：0
E:\JiangHua\QRST_DI_20170407\QRST_DI_Lite\QRST_DI_SS_DBServer\bin\Data\QRST_DB_Tile\0\7\1309\2967\MOC\20140000\GF1_MOC_2014000024_L2A00000000001495_FFFF_7_1309_2967-1.c.tif找不到文件，无法计算，跳过
正在计算云量满幅度瓦片：GF1_MOC_2014000024_L2A00000000001495_FFFF_7_1308_2968.c.png(5/8)
E:\JiangHua\QRST_DI_20170407\QRST_DI_Lite\QRST_DI_SS_DBServer\bin\Data\QRST_DB_Tile\0\7\1308\2968\MOC\20140000\GF1_MOC_2014000024_L2A00000000001495_FFFF_7_1308_2968-1.c.tif找不到文件，无法计算，跳过
正在计算云量满幅度瓦片：CP3_GRC_2014000024_L2A00000000001495_FFFF_7_1308_2968.c.png(6/8)
E:\JiangHua\QRST_DI_20170407\QRST_DI_Lite\QRST_DI_SS_DBServer\bin\Data\QRST_DB_Tile\0\7\1308\2968\GRC\20140000\CP3_GRC_2014000024_L2A00000000001495_FFFF_7_1308_2968-1.c.tif找不到文件，无法计算，跳过
正在计算云量满幅度瓦片：GF1_MOC_2014000024_L2A00000000001495_FFFF_7_1307_2969.c.png(7/8)
E:\JiangHua\QRST_DI_20170407\QRST_DI_Lite\QRST_DI_SS_DBServer\bin\Data\QRST_DB_Tile\0\7\1307\2969\MOC\20140000\GF1_MOC_2014000024_L2A00000000001495_FFFF_7_1307_2969-1.c.tif找不到文件，无法计算，跳过
正在计算云量满幅度瓦片：GF1_MOC_2014000024_L2A00000000001496_FFFF_7_1306_2970.c.png(8/8)
E:\JiangHua\QRST_DI_20170407\QRST_DI_Lite\QRST_DI_SS_DBServer\bin\Data\QRST_DB_Tile\0\7\1306\2970\MOC\20140000\GF1_MOC_2014000024_L2A00000000001496_FFFF_7_1306_2970-1.c.tif找不到文件，无法计算，跳过
总记录条数:3,耗时:0.0040099秒
总记录条数:4,耗时:0.0050137秒
总记录条数:13,耗时:0.0029981秒
总记录条数:3,耗时:0.0050125秒
总记录条数:2,耗时:0.0050382秒
总记录条数:3,耗时:0.007021秒
总记录条数:4,耗时:0.0050146秒
总记录条数:13,耗时:0.0050082秒
总记录条数:3,耗时:0.0049877秒
总记录条数:2,耗时:0.0050153秒
总记录条数:20,耗时:0.0050137秒
总记录条数:3,耗时:0.006014秒
总记录条数:4,耗时:0.0050489秒
总记录条数:13,耗时:0.0050142秒
总记录条数:3,耗时:0.0050146秒
总记录条数:2,耗时:0.005013秒
总记录条数:20,耗时:0.0070589秒
总记录条数:3,耗时:0.0050145秒
总记录条数:4,耗时:0.0050161秒
总记录条数:13,耗时:0.0050129秒
总记录条数:3,耗时:0.0050138秒
总记录条数:2,耗时:0.0080324秒
总记录条数:20,耗时:0.0070202秒
总记录条数:3,耗时:0.0180479秒
总记录条数:4,耗时:0.0040107秒
总记录条数:13,耗时:0.0060164秒
总记录条数:3,耗时:0.0040103秒
总记录条数:2,耗时:0.0080213秒
总记录条数:20,耗时:0.0050133秒
