总记录条数:3,耗时:0.1844906秒
总记录条数:3,耗时:0.009525秒
总记录条数:13,耗时:0.0260709秒
总记录条数:2,耗时:0.0461222秒
总记录条数:2,耗时:0.026571秒
总记录条数:21,耗时:0.0475978秒
待更新云量满幅度瓦片记录数：0
待更新云量满幅度瓦片记录数：0
待更新云量满幅度瓦片记录数：8
正在计算云量满幅度瓦片：GF1_MOC_2014000024_L2A00000000001561_FFFF_7_1310_2966.c.png(1/8)
E:\JiangHua\QRST_DI_20170407\QRST_DI_Lite\QRST_DI_SS_DBServer\bin\Data\QRST_DB_Tile\0\7\1310\2966\MOC\20140000\GF1_MOC_2014000024_L2A00000000001561_FFFF_7_1310_2966-1.c.tif找不到文件，无法计算，跳过
正在计算云量满幅度瓦片：GF1_MOC_2014000024_L2A00000000001495_FFFF_7_1310_2966.c.png(2/8)
E:\JiangHua\QRST_DI_20170407\QRST_DI_Lite\QRST_DI_SS_DBServer\bin\Data\QRST_DB_Tile\0\7\1310\2966\MOC\20140000\GF1_MOC_2014000024_L2A00000000001495_FFFF_7_1310_2966-1.c.tif找不到文件，无法计算，跳过
待更新云量满幅度瓦片记录数：0
正在计算云量满幅度瓦片：CP3_GRC_2014000024_L2A201510201000031_FFFF_7_1310_2966.c.png(3/8)
启动云量满幅度计算进程：CP3_GRC_2014000024_L2A201510201000031_FFFF_7_1310_2966.c.png(3/8)
计算云量满幅度异常，继续：CP3_GRC_2014000024_L2A201510201000031_FFFF_7_1310_2966.c.png(3/8) 系统找不到指定的文件。 
正在计算云量满幅度瓦片：GF1_MOC_2014000024_L2A00000000001495_FFFF_7_1309_2967.c.png(4/8)
E:\JiangHua\QRST_DI_20170407\QRST_DI_Lite\QRST_DI_SS_DBServer\bin\Data\QRST_DB_Tile\0\7\1309\2967\MOC\20140000\GF1_MOC_2014000024_L2A00000000001495_FFFF_7_1309_2967-1.c.tif找不到文件，无法计算，跳过
正在计算云量满幅度瓦片：GF1_MOC_2014000024_L2A00000000001495_FFFF_7_1308_2968.c.png(5/8)
E:\JiangHua\QRST_DI_20170407\QRST_DI_Lite\QRST_DI_SS_DBServer\bin\Data\QRST_DB_Tile\0\7\1308\2968\MOC\20140000\GF1_MOC_2014000024_L2A00000000001495_FFFF_7_1308_2968-1.c.tif找不到文件，无法计算，跳过
正在计算云量满幅度瓦片：CP3_GRC_2014000024_L2A00000000001495_FFFF_7_1308_2968.c.png(6/8)
E:\JiangHua\QRST_DI_20170407\QRST_DI_Lite\QRST_DI_SS_DBServer\bin\Data\QRST_DB_Tile\0\7\1308\2968\GRC\20140000\CP3_GRC_2014000024_L2A00000000001495_FFFF_7_1308_2968-1.c.tif找不到文件，无法计算，跳过
正在计算云量满幅度瓦片：GF1_MOC_2014000024_L2A00000000001495_FFFF_7_1307_2969.c.png(7/8)
E:\JiangHua\QRST_DI_20170407\QRST_DI_Lite\QRST_DI_SS_DBServer\bin\Data\QRST_DB_Tile\0\7\1307\2969\MOC\20140000\GF1_MOC_2014000024_L2A00000000001495_FFFF_7_1307_2969-1.c.tif找不到文件，无法计算，跳过
正在计算云量满幅度瓦片：GF1_MOC_2014000024_L2A00000000001496_FFFF_7_1306_2970.c.png(8/8)
E:\JiangHua\QRST_DI_20170407\QRST_DI_Lite\QRST_DI_SS_DBServer\bin\Data\QRST_DB_Tile\0\7\1306\2970\MOC\20140000\GF1_MOC_2014000024_L2A00000000001496_FFFF_7_1306_2970-1.c.tif找不到文件，无法计算，跳过
待更新云量满幅度瓦片记录数：1
正在计算云量满幅度瓦片：GF1_PMS2_2015090824_L1A0001028729_FFFF_7_1237_2528.c.png(1/1)
启动云量满幅度计算进程：GF1_PMS2_2015090824_L1A0001028729_FFFF_7_1237_2528.c.png(1/1)
待更新云量满幅度瓦片记录数：0
计算云量满幅度异常，继续：GF1_PMS2_2015090824_L1A0001028729_FFFF_7_1237_2528.c.png(1/1) 系统找不到指定的文件。 
总记录条数:3,耗时:0.0370971秒
总记录条数:3,耗时:0.0270705秒
总记录条数:13,耗时:0.0275734秒
总记录条数:2,耗时:0.0270708秒
总记录条数:2,耗时:0.0486435秒
总记录条数:20,耗时:0.0275717秒
!!!异常2017/5/19 22:58:30:通信进程Error:
!!!异常2017/5/19 23:00:17:通信进程Error:
!!!异常2017/5/19 23:02:59:通信进程Error:
!!!异常2017/5/19 23:09:42:未将对象引用设置到对象的实例。
!!!异常2017/5/19 23:10:52:未将对象引用设置到对象的实例。
!!!异常2017/5/19 23:13:58:通信进程Error:
!!!异常2017/5/19 23:16:33:未将对象引用设置到对象的实例。
!!!异常2017/5/19 23:17:27:未将对象引用设置到对象的实例。
