!!!异常2020-05-18 21:28:43:System.Exception: Create:获取元数据异常 ---> System.Exception: create:获取元数据异常 ---> System.Net.Sockets.SocketException: 由于连接方在一段时间后没有正确答复或连接的主机没有反应，连接尝试失败。 202.121.180.31:51112

Server stack trace: 
   在 System.Net.Sockets.Socket.DoConnect(EndPoint endPointSnapshot, SocketAddress socketAddress)
   在 System.Net.Sockets.Socket.Connect(EndPoint remoteEP)
   在 System.Runtime.Remoting.Channels.RemoteConnection.CreateNewSocket(EndPoint ipEndPoint)
   在 System.Runtime.Remoting.Channels.RemoteConnection.CreateNewSocket()
   在 System.Runtime.Remoting.Channels.RemoteConnection.GetSocket()
   在 System.Runtime.Remoting.Channels.SocketCache.GetSocket(String machinePortAndSid, Boolean openNew)
   在 System.Runtime.Remoting.Channels.Tcp.TcpClientTransportSink.SendRequestWithRetry(IMessage msg, ITransportHeaders requestHeaders, Stream requestStream)
   在 System.Runtime.Remoting.Channels.Tcp.TcpClientTransportSink.ProcessMessage(IMessage msg, ITransportHeaders requestHeaders, Stream requestStream, ITransportHeaders& responseHeaders, Stream& responseStream)
   在 System.Runtime.Remoting.Channels.BinaryClientFormatterSink.SyncProcessMessage(IMessage msg)

Exception rethrown at [0]: 
   在 System.Runtime.Remoting.Proxies.RealProxy.HandleReturnMessage(IMessage reqMsg, IMessage retMsg)
   在 System.Runtime.Remoting.Proxies.RealProxy.PrivateInvoke(MessageData& msgData, Int32 type)
   在 QRST_DI_SS_DBInterfaces.IDBEngine.IDbOperating.GetSubDbUtilities(EnumDBType dbtype)
   在 QRST_DI_Resources.Constant.create() 位置 H:\高分交通\运管系统\QRST_DI_Mixed_2018.08.22\QRST_DI-Resources\Constant.cs:行号 818
   --- 内部异常堆栈跟踪的结尾 ---
   在 QRST_DI_Resources.Constant.create() 位置 H:\高分交通\运管系统\QRST_DI_Mixed_2018.08.22\QRST_DI-Resources\Constant.cs:行号 947
   在 QRST_DI_Resources.Constant.Create() 位置 H:\高分交通\运管系统\QRST_DI_Mixed_2018.08.22\QRST_DI-Resources\Constant.cs:行号 975
   --- 内部异常堆栈跟踪的结尾 ---
   在 QRST_DI_Resources.Constant.Create() 位置 H:\高分交通\运管系统\QRST_DI_Mixed_2018.08.22\QRST_DI-Resources\Constant.cs:行号 981
   在 QRST_DI_SS_DBServer.Program.Main(String[] args) 位置 H:\高分交通\运管系统\QRST_DI_Mixed_2018.08.22\QRST_DI_SS_DBServer\Program.cs:行号 66
